build/app/intermediates/manifest_merge_blame_file/release/manifest-merger-blame-release-report.txt
1<?xml version="1.0" encoding="utf-8"?>
2<manifest xmlns:android="http://schemas.android.com/apk/res/android"
3    package="com.example.screen_share_janus"
4    android:versionCode="1"
5    android:versionName="1.0.0" >
6
7    <uses-sdk
8        android:minSdkVersion="23"
8-->src/main/AndroidManifest.xml
9        android:targetSdkVersion="29" />
9-->src/main/AndroidManifest.xml
10    <!--
11         io.flutter.app.FlutterApplication is an android.app.Application that
12         calls FlutterMain.startInitialization(this); in its onCreate method.
13         In most cases you can leave this as-is, but you if you want to provide
14         additional functionality it is fine to subclass or reimplement
15         FlutterApplication and put your custom class here.
16    -->
17
18    <uses-feature android:name="android.hardware.camera" />
18-->src/main/AndroidManifest.xml:10:5-60
18-->src/main/AndroidManifest.xml:10:19-57
19    <uses-feature android:name="android.hardware.camera.autofocus" />
19-->src/main/AndroidManifest.xml:11:5-70
19-->src/main/AndroidManifest.xml:11:19-67
20
21    <uses-permission android:name="android.permission.INTERNET" />
21-->src/main/AndroidManifest.xml:12:5-66
21-->src/main/AndroidManifest.xml:12:22-64
22    <uses-permission android:name="android.permission.CAMERA" />
22-->src/main/AndroidManifest.xml:13:5-65
22-->src/main/AndroidManifest.xml:13:22-62
23    <uses-permission android:name="android.permission.RECORD_AUDIO" />
23-->src/main/AndroidManifest.xml:14:5-71
23-->src/main/AndroidManifest.xml:14:22-68
24    <uses-permission android:name="android.permission.ACCESS_NETWORK_STATE" />
24-->src/main/AndroidManifest.xml:15:5-79
24-->src/main/AndroidManifest.xml:15:22-76
25    <uses-permission android:name="android.permission.CHANGE_NETWORK_STATE" />
25-->src/main/AndroidManifest.xml:16:5-79
25-->src/main/AndroidManifest.xml:16:22-76
26    <uses-permission android:name="android.permission.MODIFY_AUDIO_SETTINGS" />
26-->src/main/AndroidManifest.xml:17:5-80
26-->src/main/AndroidManifest.xml:17:22-77
27    <uses-permission android:name="android.permission.READ_EXTERNAL_STORAGE" />
27-->src/main/AndroidManifest.xml:18:5-80
27-->src/main/AndroidManifest.xml:18:22-77
28    <uses-permission android:name="android.permission.WRITE_EXTERNAL_STORAGE" />
28-->src/main/AndroidManifest.xml:19:5-80
28-->src/main/AndroidManifest.xml:19:22-78
29    <uses-permission android:name="android.permission.FOREGROUND_SERVICE" />
29-->src/main/AndroidManifest.xml:20:5-77
29-->src/main/AndroidManifest.xml:20:22-74
30
31    <queries>
31-->[:flutter_inappwebview] AndroidManifest.xml:7:5-11:15
32        <intent>
32-->[:flutter_inappwebview] AndroidManifest.xml:8:9-10:18
33            <action android:name="android.support.customtabs.action.CustomTabsService" />
33-->[:flutter_inappwebview] AndroidManifest.xml:9:13-90
33-->[:flutter_inappwebview] AndroidManifest.xml:9:21-87
34        </intent>
35    </queries>
36
37    <application
37-->src/main/AndroidManifest.xml:22:5-78:19
38        android:name="io.flutter.app.FlutterApplication"
38-->src/main/AndroidManifest.xml:23:9-57
39        android:appComponentFactory="androidx.core.app.CoreComponentFactory"
39-->[androidx.core:core:1.3.0] AndroidManifest.xml:24:18-86
40        android:extractNativeLibs="false"
41        android:icon="@mipmap/ic_launcher"
41-->src/main/AndroidManifest.xml:25:9-43
42        android:label="screen_share_janus"
42-->src/main/AndroidManifest.xml:24:9-43
43        android:requestLegacyExternalStorage="true"
43-->src/main/AndroidManifest.xml:27:9-52
44        android:usesCleartextTraffic="true" >
44-->src/main/AndroidManifest.xml:26:9-44
45        <service
45-->src/main/AndroidManifest.xml:29:9-31:63
46            android:name="com.example.screen_share_janus.ForegroundService"
46-->src/main/AndroidManifest.xml:30:13-46
47            android:foregroundServiceType="mediaProjection" />
47-->src/main/AndroidManifest.xml:31:13-60
48
49        <activity
49-->src/main/AndroidManifest.xml:33:9-72:20
50            android:name="com.example.screen_share_janus.MainActivity"
50-->src/main/AndroidManifest.xml:34:13-41
51            android:allowAudioPlaybackCapture="true"
51-->src/main/AndroidManifest.xml:39:13-53
52            android:configChanges="orientation|keyboardHidden|keyboard|screenSize|smallestScreenSize|locale|layoutDirection|fontScale|screenLayout|density|uiMode"
52-->src/main/AndroidManifest.xml:37:13-163
53            android:hardwareAccelerated="true"
53-->src/main/AndroidManifest.xml:38:13-47
54            android:launchMode="singleTop"
54-->src/main/AndroidManifest.xml:35:13-43
55            android:theme="@style/LaunchTheme"
55-->src/main/AndroidManifest.xml:36:13-47
56            android:windowSoftInputMode="adjustResize" >
56-->src/main/AndroidManifest.xml:40:13-55
57
58            <!--
59                 Specifies an Android theme to apply to this Activity as soon as
60                 the Android process has started. This theme is visible to the user
61                 while the Flutter UI initializes. After that, this theme continues
62                 to determine the Window background behind the Flutter UI.
63            -->
64            <meta-data
64-->src/main/AndroidManifest.xml:45:13-48:19
65                android:name="io.flutter.embedding.android.NormalTheme"
65-->src/main/AndroidManifest.xml:46:17-72
66                android:resource="@style/NormalTheme" />
66-->src/main/AndroidManifest.xml:47:17-54
67            <!--
68                 Displays an Android View that continues showing the launch screen
69                 Drawable until Flutter paints its first frame, then this splash
70                 screen fades out. A splash screen is useful to avoid any visual
71                 gap between the end of Android's launch screen and the painting of
72                 Flutter's first frame.
73            -->
74            <meta-data
74-->src/main/AndroidManifest.xml:54:13-57:19
75                android:name="io.flutter.embedding.android.SplashScreenDrawable"
75-->src/main/AndroidManifest.xml:55:17-81
76                android:resource="@drawable/launch_background" />
76-->src/main/AndroidManifest.xml:56:17-63
77
78            <intent-filter>
78-->src/main/AndroidManifest.xml:58:13-61:29
79                <action android:name="android.intent.action.MAIN" />
79-->src/main/AndroidManifest.xml:59:17-68
79-->src/main/AndroidManifest.xml:59:25-66
80
81                <category android:name="android.intent.category.LAUNCHER" />
81-->src/main/AndroidManifest.xml:60:17-76
81-->src/main/AndroidManifest.xml:60:27-74
82            </intent-filter>
83
84            <!-- Deep links -->
85            <intent-filter>
85-->src/main/AndroidManifest.xml:64:13-71:29
86                <action android:name="android.intent.action.VIEW" />
86-->src/main/AndroidManifest.xml:65:17-69
86-->src/main/AndroidManifest.xml:65:25-66
87
88                <category android:name="android.intent.category.DEFAULT" />
88-->src/main/AndroidManifest.xml:66:17-76
88-->src/main/AndroidManifest.xml:66:27-73
89                <category android:name="android.intent.category.BROWSABLE" />
89-->src/main/AndroidManifest.xml:67:17-78
89-->src/main/AndroidManifest.xml:67:27-75
90
91                <data
91-->src/main/AndroidManifest.xml:68:17-70:49
92                    android:host="onthe.live"
92-->src/main/AndroidManifest.xml:70:21-46
93                    android:scheme="live" />
93-->src/main/AndroidManifest.xml:69:21-42
94            </intent-filter>
95        </activity>
96        <!--
97             Don't delete the meta-data below.
98             This is used by the Flutter tool to generate GeneratedPluginRegistrant.java
99        -->
100        <meta-data
100-->src/main/AndroidManifest.xml:75:9-77:33
101            android:name="flutterEmbedding"
101-->src/main/AndroidManifest.xml:76:13-44
102            android:value="2" />
102-->src/main/AndroidManifest.xml:77:13-30
103
104        <activity
104-->[:flutter_inappwebview] AndroidManifest.xml:14:9-17:47
105            android:name="com.pichillilorenzo.flutter_inappwebview.in_app_browser.InAppBrowserActivity"
105-->[:flutter_inappwebview] AndroidManifest.xml:15:13-104
106            android:configChanges="orientation|keyboardHidden|keyboard|screenSize|locale|layoutDirection|fontScale|screenLayout|density"
106-->[:flutter_inappwebview] AndroidManifest.xml:16:13-137
107            android:theme="@style/AppTheme" />
107-->[:flutter_inappwebview] AndroidManifest.xml:17:13-44
108        <activity
108-->[:flutter_inappwebview] AndroidManifest.xml:18:9-20:55
109            android:name="com.pichillilorenzo.flutter_inappwebview.chrome_custom_tabs.ChromeCustomTabsActivity"
109-->[:flutter_inappwebview] AndroidManifest.xml:19:13-112
110            android:theme="@style/ThemeTransparent" />
110-->[:flutter_inappwebview] AndroidManifest.xml:20:13-52
111
112        <receiver android:name="com.pichillilorenzo.flutter_inappwebview.chrome_custom_tabs.ActionBroadcastReceiver" />
112-->[:flutter_inappwebview] AndroidManifest.xml:22:9-120
112-->[:flutter_inappwebview] AndroidManifest.xml:22:19-117
113
114        <meta-data
114-->[:flutter_inappwebview] AndroidManifest.xml:24:9-26:36
115            android:name="io.flutter.embedded_views_preview"
115-->[:flutter_inappwebview] AndroidManifest.xml:25:13-61
116            android:value="true" />
116-->[:flutter_inappwebview] AndroidManifest.xml:26:13-33
117    </application>
118
119</manifest>